<?xml version="1.0" encoding="utf-8"?><testsuites name="pytest tests"><testsuite name="pytest" errors="0" failures="0" skipped="0" tests="18" time="1.291" timestamp="2026-08-07T17:44:06.353229+08:00" hostname="CHINAMI-GS2ROQT"><testcase classname="tests.test_build_network" name="test_required_detector_ids_are_stable" time="0.000" /><testcase classname="tests.test_build_network" name="test_build_network_creates_net_file" time="0.097" /><testcase classname="tests.test_build_network" name="test_merge_signal_uses_permissive_ramp_green" time="0.000" /><testcase classname="tests.test_classify" name="test_classify_candidate_controllable_from_paired_improvement" time="0.000" /><testcase classname="tests.test_classify" name="test_classify_uncontrollable_when_ramp_spillback_occurs" time="0.000" /><testcase classname="tests.test_controllers" name="test_no_control_uses_max_rate_and_full_green" time="0.000" /><testcase classname="tests.test_controllers" name="test_alinea_clips_rate_to_bounds" time="0.000" /><testcase classname="tests.test_controllers" name="test_alinea_queue_override_raises_applied_rate" time="0.000" /><testcase classname="tests.test_env_runner" name="test_run_experiment_rejects_unknown_controller" time="0.001" /><testcase classname="tests.test_env_runner" name="test_short_sumo_run_produces_windows" time="1.091" /><testcase classname="tests.test_experiment_config" name="test_default_demand_grid_bounds_and_count" time="0.001" /><testcase classname="tests.test_experiment_config" name="test_experiment_id_is_deterministic_and_contains_key_fields" time="0.001" /><testcase classname="tests.test_experiment_config" name="test_validate_rejects_bad_phase_order" time="0.000" /><testcase classname="tests.test_metrics" name="test_summarize_episode_detects_five_min_congestion" time="0.000" /><testcase classname="tests.test_metrics" name="test_write_window_csv_uses_stable_header" time="0.027" /><testcase classname="tests.test_rou_generate" name="test_generate_route_has_three_mainline_and_ramp_phases" time="0.005" /><testcase classname="tests.test_rou_generate" name="test_generate_route_uses_merge_edge_ids" time="0.008" /><testcase classname="tests.test_scan_demand" name="test_planned_runs_pairs_controllers_by_demand_and_seed" time="0.001" /></testsuite></testsuites>